Analysis & Elaboration report for ProyectoTDD
Sat Nov 18 01:15:44 2023
Quartus Prime Version 20.1.0 Build 711 06/05/2020 SJ Lite Edition


---------------------
; Table of Contents ;
---------------------
  1. Legal Notice
  2. Analysis & Elaboration Summary
  3. Parallel Compilation
  4. Parameter Settings for User Entity Instance: arm:arm|controller:c|condlogic:cl|flopenr:flagregister1
  5. Parameter Settings for User Entity Instance: arm:arm|controller:c|condlogic:cl|flopenr:flagregister0
  6. Parameter Settings for User Entity Instance: arm:arm|datapath:dp|mux2entradas:pcmux
  7. Parameter Settings for User Entity Instance: arm:arm|datapath:dp|flopr:pcreg
  8. Parameter Settings for User Entity Instance: arm:arm|datapath:dp|adder_ALU:pcadd1
  9. Parameter Settings for User Entity Instance: arm:arm|datapath:dp|adder_ALU:pcadd2
 10. Parameter Settings for User Entity Instance: arm:arm|datapath:dp|mux2entradas:ra1mux
 11. Parameter Settings for User Entity Instance: arm:arm|datapath:dp|mux2entradas:ra2mux
 12. Parameter Settings for User Entity Instance: arm:arm|datapath:dp|mux2entradas:resmux
 13. Parameter Settings for User Entity Instance: arm:arm|datapath:dp|mux2entradas:srcbmux
 14. Parameter Settings for User Entity Instance: arm:arm|datapath:dp|ALU:alu
 15. Parameter Settings for User Entity Instance: arm:arm|datapath:dp|ALU:alu|AluAritmetic:arithmetics
 16. Analysis & Elaboration Settings
 17. Port Connectivity Checks: "arm:arm|datapath:dp|mux2entradas:ra1mux"
 18. Port Connectivity Checks: "arm:arm|datapath:dp|adder_ALU:pcadd2"
 19. Port Connectivity Checks: "arm:arm|datapath:dp|adder_ALU:pcadd1"
 20. Port Connectivity Checks: "arm:arm|controller:c|decoder:dec"
 21. Port Connectivity Checks: "arm:arm|controller:c"
 22. Analysis & Elaboration Messages
 23. Analysis & Elaboration Suppressed Messages



----------------
; Legal Notice ;
----------------
Copyright (C) 2020  Intel Corporation. All rights reserved.
Your use of Intel Corporation's design tools, logic functions 
and other software and tools, and any partner logic 
functions, and any output files from any of the foregoing 
(including device programming or simulation files), and any 
associated documentation or information are expressly subject 
to the terms and conditions of the Intel Program License 
Subscription Agreement, the Intel Quartus Prime License Agreement,
the Intel FPGA IP License Agreement, or other applicable license
agreement, including, without limitation, that your use is for
the sole purpose of programming logic devices manufactured by
Intel and sold by Intel or its authorized distributors.  Please
refer to the applicable agreement for further details, at
https://fpgasoftware.intel.com/eula.



+-----------------------------------------------------------------------------+
; Analysis & Elaboration Summary                                              ;
+-------------------------------+---------------------------------------------+
; Analysis & Elaboration Status ; Successful - Sat Nov 18 01:15:44 2023       ;
; Quartus Prime Version         ; 20.1.0 Build 711 06/05/2020 SJ Lite Edition ;
; Revision Name                 ; ProyectoTDD                                 ;
; Top-level Entity Name         ; main                                        ;
; Family                        ; Cyclone V                                   ;
; Logic utilization (in ALMs)   ; N/A until Partition Merge                   ;
; Total registers               ; N/A until Partition Merge                   ;
; Total pins                    ; N/A until Partition Merge                   ;
; Total virtual pins            ; N/A until Partition Merge                   ;
; Total block memory bits       ; N/A until Partition Merge                   ;
; Total PLLs                    ; N/A until Partition Merge                   ;
; Total DLLs                    ; N/A until Partition Merge                   ;
+-------------------------------+---------------------------------------------+


+------------------------------------------+
; Parallel Compilation                     ;
+----------------------------+-------------+
; Processors                 ; Number      ;
+----------------------------+-------------+
; Number detected on machine ; 8           ;
; Maximum allowed            ; 4           ;
;                            ;             ;
; Average used               ; 1.00        ;
; Maximum used               ; 1           ;
;                            ;             ;
; Usage by Processor         ; % Time Used ;
;     Processor 1            ; 100.0%      ;
+----------------------------+-------------+


+------------------------------------------------------------------------------------------------------+
; Parameter Settings for User Entity Instance: arm:arm|controller:c|condlogic:cl|flopenr:flagregister1 ;
+----------------+-------+-----------------------------------------------------------------------------+
; Parameter Name ; Value ; Type                                                                        ;
+----------------+-------+-----------------------------------------------------------------------------+
; WIDTH          ; 2     ; Signed Integer                                                              ;
+----------------+-------+-----------------------------------------------------------------------------+
Note: In order to hide this table in the UI and the text report file, please set the "Show Parameter Settings in Synthesis Report" option in "Analysis and Synthesis Settings -> More Settings" to "Off".


+------------------------------------------------------------------------------------------------------+
; Parameter Settings for User Entity Instance: arm:arm|controller:c|condlogic:cl|flopenr:flagregister0 ;
+----------------+-------+-----------------------------------------------------------------------------+
; Parameter Name ; Value ; Type                                                                        ;
+----------------+-------+-----------------------------------------------------------------------------+
; WIDTH          ; 2     ; Signed Integer                                                              ;
+----------------+-------+-----------------------------------------------------------------------------+
Note: In order to hide this table in the UI and the text report file, please set the "Show Parameter Settings in Synthesis Report" option in "Analysis and Synthesis Settings -> More Settings" to "Off".


+-------------------------------------------------------------------------------------+
; Parameter Settings for User Entity Instance: arm:arm|datapath:dp|mux2entradas:pcmux ;
+----------------+-------+------------------------------------------------------------+
; Parameter Name ; Value ; Type                                                       ;
+----------------+-------+------------------------------------------------------------+
; WIDTH          ; 32    ; Signed Integer                                             ;
+----------------+-------+------------------------------------------------------------+
Note: In order to hide this table in the UI and the text report file, please set the "Show Parameter Settings in Synthesis Report" option in "Analysis and Synthesis Settings -> More Settings" to "Off".


+------------------------------------------------------------------------------+
; Parameter Settings for User Entity Instance: arm:arm|datapath:dp|flopr:pcreg ;
+----------------+-------+-----------------------------------------------------+
; Parameter Name ; Value ; Type                                                ;
+----------------+-------+-----------------------------------------------------+
; WIDTH          ; 32    ; Signed Integer                                      ;
+----------------+-------+-----------------------------------------------------+
Note: In order to hide this table in the UI and the text report file, please set the "Show Parameter Settings in Synthesis Report" option in "Analysis and Synthesis Settings -> More Settings" to "Off".


+-----------------------------------------------------------------------------------+
; Parameter Settings for User Entity Instance: arm:arm|datapath:dp|adder_ALU:pcadd1 ;
+----------------+-------+----------------------------------------------------------+
; Parameter Name ; Value ; Type                                                     ;
+----------------+-------+----------------------------------------------------------+
; WIDTH          ; 32    ; Signed Integer                                           ;
+----------------+-------+----------------------------------------------------------+
Note: In order to hide this table in the UI and the text report file, please set the "Show Parameter Settings in Synthesis Report" option in "Analysis and Synthesis Settings -> More Settings" to "Off".


+-----------------------------------------------------------------------------------+
; Parameter Settings for User Entity Instance: arm:arm|datapath:dp|adder_ALU:pcadd2 ;
+----------------+-------+----------------------------------------------------------+
; Parameter Name ; Value ; Type                                                     ;
+----------------+-------+----------------------------------------------------------+
; WIDTH          ; 32    ; Signed Integer                                           ;
+----------------+-------+----------------------------------------------------------+
Note: In order to hide this table in the UI and the text report file, please set the "Show Parameter Settings in Synthesis Report" option in "Analysis and Synthesis Settings -> More Settings" to "Off".


+--------------------------------------------------------------------------------------+
; Parameter Settings for User Entity Instance: arm:arm|datapath:dp|mux2entradas:ra1mux ;
+----------------+-------+-------------------------------------------------------------+
; Parameter Name ; Value ; Type                                                        ;
+----------------+-------+-------------------------------------------------------------+
; WIDTH          ; 4     ; Signed Integer                                              ;
+----------------+-------+-------------------------------------------------------------+
Note: In order to hide this table in the UI and the text report file, please set the "Show Parameter Settings in Synthesis Report" option in "Analysis and Synthesis Settings -> More Settings" to "Off".


+--------------------------------------------------------------------------------------+
; Parameter Settings for User Entity Instance: arm:arm|datapath:dp|mux2entradas:ra2mux ;
+----------------+-------+-------------------------------------------------------------+
; Parameter Name ; Value ; Type                                                        ;
+----------------+-------+-------------------------------------------------------------+
; WIDTH          ; 4     ; Signed Integer                                              ;
+----------------+-------+-------------------------------------------------------------+
Note: In order to hide this table in the UI and the text report file, please set the "Show Parameter Settings in Synthesis Report" option in "Analysis and Synthesis Settings -> More Settings" to "Off".


+--------------------------------------------------------------------------------------+
; Parameter Settings for User Entity Instance: arm:arm|datapath:dp|mux2entradas:resmux ;
+----------------+-------+-------------------------------------------------------------+
; Parameter Name ; Value ; Type                                                        ;
+----------------+-------+-------------------------------------------------------------+
; WIDTH          ; 32    ; Signed Integer                                              ;
+----------------+-------+-------------------------------------------------------------+
Note: In order to hide this table in the UI and the text report file, please set the "Show Parameter Settings in Synthesis Report" option in "Analysis and Synthesis Settings -> More Settings" to "Off".


+---------------------------------------------------------------------------------------+
; Parameter Settings for User Entity Instance: arm:arm|datapath:dp|mux2entradas:srcbmux ;
+----------------+-------+--------------------------------------------------------------+
; Parameter Name ; Value ; Type                                                         ;
+----------------+-------+--------------------------------------------------------------+
; WIDTH          ; 32    ; Signed Integer                                               ;
+----------------+-------+--------------------------------------------------------------+
Note: In order to hide this table in the UI and the text report file, please set the "Show Parameter Settings in Synthesis Report" option in "Analysis and Synthesis Settings -> More Settings" to "Off".


+--------------------------------------------------------------------------+
; Parameter Settings for User Entity Instance: arm:arm|datapath:dp|ALU:alu ;
+----------------+-------+-------------------------------------------------+
; Parameter Name ; Value ; Type                                            ;
+----------------+-------+-------------------------------------------------+
; N              ; 32    ; Signed Integer                                  ;
+----------------+-------+-------------------------------------------------+
Note: In order to hide this table in the UI and the text report file, please set the "Show Parameter Settings in Synthesis Report" option in "Analysis and Synthesis Settings -> More Settings" to "Off".


+---------------------------------------------------------------------------------------------------+
; Parameter Settings for User Entity Instance: arm:arm|datapath:dp|ALU:alu|AluAritmetic:arithmetics ;
+----------------+-------+--------------------------------------------------------------------------+
; Parameter Name ; Value ; Type                                                                     ;
+----------------+-------+--------------------------------------------------------------------------+
; N              ; 32    ; Signed Integer                                                           ;
+----------------+-------+--------------------------------------------------------------------------+
Note: In order to hide this table in the UI and the text report file, please set the "Show Parameter Settings in Synthesis Report" option in "Analysis and Synthesis Settings -> More Settings" to "Off".


+---------------------------------------------------------------------------------------------------------------------------+
; Analysis & Elaboration Settings                                                                                           ;
+---------------------------------------------------------------------------------+--------------------+--------------------+
; Option                                                                          ; Setting            ; Default Value      ;
+---------------------------------------------------------------------------------+--------------------+--------------------+
; Device                                                                          ; 5CSEMA5F31C6       ;                    ;
; Top-level entity name                                                           ; main               ; ProyectoTDD        ;
; Family name                                                                     ; Cyclone V          ; Cyclone V          ;
; Use smart compilation                                                           ; Off                ; Off                ;
; Enable parallel Assembler and Timing Analyzer during compilation                ; On                 ; On                 ;
; Enable compact report table                                                     ; Off                ; Off                ;
; Restructure Multiplexers                                                        ; Auto               ; Auto               ;
; MLAB Add Timing Constraints For Mixed-Port Feed-Through Mode Setting Don't Care ; Off                ; Off                ;
; Create Debugging Nodes for IP Cores                                             ; Off                ; Off                ;
; Preserve fewer node names                                                       ; On                 ; On                 ;
; Intel FPGA IP Evaluation Mode                                                   ; Enable             ; Enable             ;
; Verilog Version                                                                 ; Verilog_2001       ; Verilog_2001       ;
; VHDL Version                                                                    ; VHDL_1993          ; VHDL_1993          ;
; State Machine Processing                                                        ; Auto               ; Auto               ;
; Safe State Machine                                                              ; Off                ; Off                ;
; Extract Verilog State Machines                                                  ; On                 ; On                 ;
; Extract VHDL State Machines                                                     ; On                 ; On                 ;
; Ignore Verilog initial constructs                                               ; Off                ; Off                ;
; Iteration limit for constant Verilog loops                                      ; 5000               ; 5000               ;
; Iteration limit for non-constant Verilog loops                                  ; 250                ; 250                ;
; Add Pass-Through Logic to Inferred RAMs                                         ; On                 ; On                 ;
; Infer RAMs from Raw Logic                                                       ; On                 ; On                 ;
; Parallel Synthesis                                                              ; On                 ; On                 ;
; DSP Block Balancing                                                             ; Auto               ; Auto               ;
; NOT Gate Push-Back                                                              ; On                 ; On                 ;
; Power-Up Don't Care                                                             ; On                 ; On                 ;
; Remove Redundant Logic Cells                                                    ; Off                ; Off                ;
; Remove Duplicate Registers                                                      ; On                 ; On                 ;
; Ignore CARRY Buffers                                                            ; Off                ; Off                ;
; Ignore CASCADE Buffers                                                          ; Off                ; Off                ;
; Ignore GLOBAL Buffers                                                           ; Off                ; Off                ;
; Ignore ROW GLOBAL Buffers                                                       ; Off                ; Off                ;
; Ignore LCELL Buffers                                                            ; Off                ; Off                ;
; Ignore SOFT Buffers                                                             ; On                 ; On                 ;
; Limit AHDL Integers to 32 Bits                                                  ; Off                ; Off                ;
; Optimization Technique                                                          ; Balanced           ; Balanced           ;
; Carry Chain Length                                                              ; 70                 ; 70                 ;
; Auto Carry Chains                                                               ; On                 ; On                 ;
; Auto Open-Drain Pins                                                            ; On                 ; On                 ;
; Perform WYSIWYG Primitive Resynthesis                                           ; Off                ; Off                ;
; Auto ROM Replacement                                                            ; On                 ; On                 ;
; Auto RAM Replacement                                                            ; On                 ; On                 ;
; Auto DSP Block Replacement                                                      ; On                 ; On                 ;
; Auto Shift Register Replacement                                                 ; Auto               ; Auto               ;
; Allow Shift Register Merging across Hierarchies                                 ; Auto               ; Auto               ;
; Auto Clock Enable Replacement                                                   ; On                 ; On                 ;
; Strict RAM Replacement                                                          ; Off                ; Off                ;
; Allow Synchronous Control Signals                                               ; On                 ; On                 ;
; Force Use of Synchronous Clear Signals                                          ; Off                ; Off                ;
; Auto Resource Sharing                                                           ; Off                ; Off                ;
; Allow Any RAM Size For Recognition                                              ; Off                ; Off                ;
; Allow Any ROM Size For Recognition                                              ; Off                ; Off                ;
; Allow Any Shift Register Size For Recognition                                   ; Off                ; Off                ;
; Use LogicLock Constraints during Resource Balancing                             ; On                 ; On                 ;
; Ignore translate_off and synthesis_off directives                               ; Off                ; Off                ;
; Timing-Driven Synthesis                                                         ; On                 ; On                 ;
; Report Parameter Settings                                                       ; On                 ; On                 ;
; Report Source Assignments                                                       ; On                 ; On                 ;
; Report Connectivity Checks                                                      ; On                 ; On                 ;
; Ignore Maximum Fan-Out Assignments                                              ; Off                ; Off                ;
; Synchronization Register Chain Length                                           ; 3                  ; 3                  ;
; Power Optimization During Synthesis                                             ; Normal compilation ; Normal compilation ;
; HDL message level                                                               ; Level2             ; Level2             ;
; Suppress Register Optimization Related Messages                                 ; Off                ; Off                ;
; Number of Removed Registers Reported in Synthesis Report                        ; 5000               ; 5000               ;
; Number of Swept Nodes Reported in Synthesis Report                              ; 5000               ; 5000               ;
; Number of Inverted Registers Reported in Synthesis Report                       ; 100                ; 100                ;
; Clock MUX Protection                                                            ; On                 ; On                 ;
; Auto Gated Clock Conversion                                                     ; Off                ; Off                ;
; Block Design Naming                                                             ; Auto               ; Auto               ;
; SDC constraint protection                                                       ; Off                ; Off                ;
; Synthesis Effort                                                                ; Auto               ; Auto               ;
; Shift Register Replacement - Allow Asynchronous Clear Signal                    ; On                 ; On                 ;
; Pre-Mapping Resynthesis Optimization                                            ; Off                ; Off                ;
; Analysis & Synthesis Message Level                                              ; Medium             ; Medium             ;
; Disable Register Merging Across Hierarchies                                     ; Auto               ; Auto               ;
; Resource Aware Inference For Block RAM                                          ; On                 ; On                 ;
; Automatic Parallel Synthesis                                                    ; On                 ; On                 ;
; Partial Reconfiguration Bitstream ID                                            ; Off                ; Off                ;
+---------------------------------------------------------------------------------+--------------------+--------------------+


+---------------------------------------------------------------------+
; Port Connectivity Checks: "arm:arm|datapath:dp|mux2entradas:ra1mux" ;
+------+-------+----------+-------------------------------------------+
; Port ; Type  ; Severity ; Details                                   ;
+------+-------+----------+-------------------------------------------+
; d1   ; Input ; Info     ; Stuck at VCC                              ;
+------+-------+----------+-------------------------------------------+


+------------------------------------------------------------------+
; Port Connectivity Checks: "arm:arm|datapath:dp|adder_ALU:pcadd2" ;
+----------+-------+----------+------------------------------------+
; Port     ; Type  ; Severity ; Details                            ;
+----------+-------+----------+------------------------------------+
; b[31..3] ; Input ; Info     ; Stuck at GND                       ;
; b[1..0]  ; Input ; Info     ; Stuck at GND                       ;
; b[2]     ; Input ; Info     ; Stuck at VCC                       ;
+----------+-------+----------+------------------------------------+


+------------------------------------------------------------------+
; Port Connectivity Checks: "arm:arm|datapath:dp|adder_ALU:pcadd1" ;
+----------+-------+----------+------------------------------------+
; Port     ; Type  ; Severity ; Details                            ;
+----------+-------+----------+------------------------------------+
; b[31..3] ; Input ; Info     ; Stuck at GND                       ;
; b[1..0]  ; Input ; Info     ; Stuck at GND                       ;
; b[2]     ; Input ; Info     ; Stuck at VCC                       ;
+----------+-------+----------+------------------------------------+


+----------------------------------------------------------------------------------------------------------------------------------------------------------------+
; Port Connectivity Checks: "arm:arm|controller:c|decoder:dec"                                                                                                   ;
+------------+--------+----------+-------------------------------------------------------------------------------------------------------------------------------+
; Port       ; Type   ; Severity ; Details                                                                                                                       ;
+------------+--------+----------+-------------------------------------------------------------------------------------------------------------------------------+
; ALUControl ; Output ; Warning  ; Output or bidir port (3 bits) is wider than the port expression (2 bits) it drives; bit(s) "ALUControl[2..2]" have no fanouts ;
+------------+--------+----------+-------------------------------------------------------------------------------------------------------------------------------+


+--------------------------------------------------------------------------------------------------------------------------------------------------------------------------------------------------------+
; Port Connectivity Checks: "arm:arm|controller:c"                                                                                                                                                       ;
+------------+--------+----------+-----------------------------------------------------------------------------------------------------------------------------------------------------------------------+
; Port       ; Type   ; Severity ; Details                                                                                                                                                               ;
+------------+--------+----------+-----------------------------------------------------------------------------------------------------------------------------------------------------------------------+
; ALUControl ; Output ; Warning  ; Output or bidir port (2 bits) is smaller than the port expression (3 bits) it drives.  The 1 most-significant bit(s) in the port expression will be connected to GND. ;
+------------+--------+----------+-----------------------------------------------------------------------------------------------------------------------------------------------------------------------+


+---------------------------------+
; Analysis & Elaboration Messages ;
+---------------------------------+
Info: *******************************************************************
Info: Running Quartus Prime Analysis & Elaboration
    Info: Version 20.1.0 Build 711 06/05/2020 SJ Lite Edition
    Info: Processing started: Sat Nov 18 01:15:30 2023
Info: Command: quartus_map --read_settings_files=on --write_settings_files=off ProyectoTDD -c ProyectoTDD --analysis_and_elaboration
Warning (18236): Number of processors has not been specified which may cause overloading on shared machines.  Set the global assignment NUM_PARALLEL_PROCESSORS in your QSF to an appropriate value for best performance.
Info (20030): Parallel compilation is enabled and will use 4 of the 4 processors detected
Info (12021): Found 1 design units, including 1 entities, in source file alu.sv
    Info (12023): Found entity 1: ALU File: C:/Users/maxga/OneDrive/Documentos/TDD_Labs2/ylopez_mgarro_digital_design_lab_2023/ALU.sv Line: 1
Info (12021): Found 1 design units, including 1 entities, in source file adder_alu.sv
    Info (12023): Found entity 1: adder_ALU File: C:/Users/maxga/OneDrive/Documentos/TDD_Labs2/ylopez_mgarro_digital_design_lab_2023/adder_ALU.sv Line: 1
Info (12021): Found 1 design units, including 1 entities, in source file barrel_shifter.sv
    Info (12023): Found entity 1: barrel_shifter File: C:/Users/maxga/OneDrive/Documentos/TDD_Labs2/ylopez_mgarro_digital_design_lab_2023/barrel_shifter.sv Line: 1
Info (12021): Found 1 design units, including 1 entities, in source file mux2entradas.sv
    Info (12023): Found entity 1: mux2entradas File: C:/Users/maxga/OneDrive/Documentos/TDD_Labs2/ylopez_mgarro_digital_design_lab_2023/mux2entradas.sv Line: 1
Info (12021): Found 1 design units, including 1 entities, in source file register_file.sv
    Info (12023): Found entity 1: register_file File: C:/Users/maxga/OneDrive/Documentos/TDD_Labs2/ylopez_mgarro_digital_design_lab_2023/register_file.sv Line: 1
Info (12021): Found 1 design units, including 1 entities, in source file extend_module.sv
    Info (12023): Found entity 1: extend_module File: C:/Users/maxga/OneDrive/Documentos/TDD_Labs2/ylopez_mgarro_digital_design_lab_2023/extend_module.sv Line: 1
Info (12021): Found 1 design units, including 1 entities, in source file sumador.sv
    Info (12023): Found entity 1: sumador File: C:/Users/maxga/OneDrive/Documentos/TDD_Labs2/ylopez_mgarro_digital_design_lab_2023/sumador.sv Line: 1
Info (12021): Found 1 design units, including 1 entities, in source file hhclock.sv
    Info (12023): Found entity 1: hhclock File: C:/Users/maxga/OneDrive/Documentos/TDD_Labs2/ylopez_mgarro_digital_design_lab_2023/hhclock.sv Line: 1
Info (12021): Found 1 design units, including 1 entities, in source file mux_21.sv
    Info (12023): Found entity 1: mux_21 File: C:/Users/maxga/OneDrive/Documentos/TDD_Labs2/ylopez_mgarro_digital_design_lab_2023/mux_21.sv Line: 1
Info (12021): Found 1 design units, including 1 entities, in source file top_module.sv
    Info (12023): Found entity 1: top_module File: C:/Users/maxga/OneDrive/Documentos/TDD_Labs2/ylopez_mgarro_digital_design_lab_2023/top_module.sv Line: 1
Info (12021): Found 1 design units, including 1 entities, in source file write_mem.sv
    Info (12023): Found entity 1: write_mem File: C:/Users/maxga/OneDrive/Documentos/TDD_Labs2/ylopez_mgarro_digital_design_lab_2023/write_mem.sv Line: 1
Info (12021): Found 1 design units, including 1 entities, in source file ram_tb.sv
    Info (12023): Found entity 1: ram_tb File: C:/Users/maxga/OneDrive/Documentos/TDD_Labs2/ylopez_mgarro_digital_design_lab_2023/ram_tb.sv Line: 1
Info (12021): Found 1 design units, including 1 entities, in source file ram1.v
    Info (12023): Found entity 1: ram1 File: C:/Users/maxga/OneDrive/Documentos/TDD_Labs2/ylopez_mgarro_digital_design_lab_2023/ram1.v Line: 40
Info (12021): Found 1 design units, including 1 entities, in source file flopenr.sv
    Info (12023): Found entity 1: flopenr File: C:/Users/maxga/OneDrive/Documentos/TDD_Labs2/ylopez_mgarro_digital_design_lab_2023/flopenr.sv Line: 1
Info (12021): Found 1 design units, including 1 entities, in source file flopr.sv
    Info (12023): Found entity 1: flopr File: C:/Users/maxga/OneDrive/Documentos/TDD_Labs2/ylopez_mgarro_digital_design_lab_2023/flopr.sv Line: 1
Info (12021): Found 1 design units, including 1 entities, in source file display7.sv
    Info (12023): Found entity 1: display7 File: C:/Users/maxga/OneDrive/Documentos/TDD_Labs2/ylopez_mgarro_digital_design_lab_2023/display7.sv Line: 1
Info (12021): Found 1 design units, including 1 entities, in source file condlogic.sv
    Info (12023): Found entity 1: condlogic File: C:/Users/maxga/OneDrive/Documentos/TDD_Labs2/ylopez_mgarro_digital_design_lab_2023/condlogic.sv Line: 1
Info (12021): Found 1 design units, including 1 entities, in source file condcheck.sv
    Info (12023): Found entity 1: condcheck File: C:/Users/maxga/OneDrive/Documentos/TDD_Labs2/ylopez_mgarro_digital_design_lab_2023/condcheck.sv Line: 1
Info (12021): Found 1 design units, including 1 entities, in source file ram2.v
    Info (12023): Found entity 1: RAM2 File: C:/Users/maxga/OneDrive/Documentos/TDD_Labs2/ylopez_mgarro_digital_design_lab_2023/RAM2.v Line: 40
Info (12021): Found 1 design units, including 1 entities, in source file dmem.sv
    Info (12023): Found entity 1: dmem File: C:/Users/maxga/OneDrive/Documentos/TDD_Labs2/ylopez_mgarro_digital_design_lab_2023/dmem.sv Line: 1
Info (12021): Found 1 design units, including 1 entities, in source file imem.sv
    Info (12023): Found entity 1: imem File: C:/Users/maxga/OneDrive/Documentos/TDD_Labs2/ylopez_mgarro_digital_design_lab_2023/imem.sv Line: 1
Info (12021): Found 1 design units, including 1 entities, in source file counter.sv
    Info (12023): Found entity 1: counter File: C:/Users/maxga/OneDrive/Documentos/TDD_Labs2/ylopez_mgarro_digital_design_lab_2023/counter.sv Line: 1
Info (12021): Found 1 design units, including 1 entities, in source file decoder.sv
    Info (12023): Found entity 1: decoder File: C:/Users/maxga/OneDrive/Documentos/TDD_Labs2/ylopez_mgarro_digital_design_lab_2023/decoder.sv Line: 1
Info (12021): Found 1 design units, including 1 entities, in source file datapath.sv
    Info (12023): Found entity 1: datapath File: C:/Users/maxga/OneDrive/Documentos/TDD_Labs2/ylopez_mgarro_digital_design_lab_2023/datapath.sv Line: 1
Info (12021): Found 1 design units, including 1 entities, in source file controller.sv
    Info (12023): Found entity 1: controller File: C:/Users/maxga/OneDrive/Documentos/TDD_Labs2/ylopez_mgarro_digital_design_lab_2023/controller.sv Line: 1
Info (12021): Found 1 design units, including 1 entities, in source file arm.sv
    Info (12023): Found entity 1: arm File: C:/Users/maxga/OneDrive/Documentos/TDD_Labs2/ylopez_mgarro_digital_design_lab_2023/arm.sv Line: 1
Info (12021): Found 1 design units, including 1 entities, in source file main.sv
    Info (12023): Found entity 1: main File: C:/Users/maxga/OneDrive/Documentos/TDD_Labs2/ylopez_mgarro_digital_design_lab_2023/main.sv Line: 1
Info (12021): Found 1 design units, including 1 entities, in source file main_tb.sv
    Info (12023): Found entity 1: main_tb File: C:/Users/maxga/OneDrive/Documentos/TDD_Labs2/ylopez_mgarro_digital_design_lab_2023/main_tb.sv Line: 1
Info (12021): Found 1 design units, including 1 entities, in source file aluaritmetic.sv
    Info (12023): Found entity 1: AluAritmetic File: C:/Users/maxga/OneDrive/Documentos/TDD_Labs2/ylopez_mgarro_digital_design_lab_2023/AluAritmetic.sv Line: 1
Warning (10236): Verilog HDL Implicit Net warning at top_module.sv(13): created implicit net for "addr_cont" File: C:/Users/maxga/OneDrive/Documentos/TDD_Labs2/ylopez_mgarro_digital_design_lab_2023/top_module.sv Line: 13
Info (12127): Elaborating entity "main" for the top level hierarchy
Info (12128): Elaborating entity "arm" for hierarchy "arm:arm" File: C:/Users/maxga/OneDrive/Documentos/TDD_Labs2/ylopez_mgarro_digital_design_lab_2023/main.sv Line: 15
Info (12128): Elaborating entity "controller" for hierarchy "arm:arm|controller:c" File: C:/Users/maxga/OneDrive/Documentos/TDD_Labs2/ylopez_mgarro_digital_design_lab_2023/arm.sv Line: 18
Info (12128): Elaborating entity "decoder" for hierarchy "arm:arm|controller:c|decoder:dec" File: C:/Users/maxga/OneDrive/Documentos/TDD_Labs2/ylopez_mgarro_digital_design_lab_2023/controller.sv Line: 16
Info (12128): Elaborating entity "condlogic" for hierarchy "arm:arm|controller:c|condlogic:cl" File: C:/Users/maxga/OneDrive/Documentos/TDD_Labs2/ylopez_mgarro_digital_design_lab_2023/controller.sv Line: 20
Info (12128): Elaborating entity "flopenr" for hierarchy "arm:arm|controller:c|condlogic:cl|flopenr:flagregister1" File: C:/Users/maxga/OneDrive/Documentos/TDD_Labs2/ylopez_mgarro_digital_design_lab_2023/condlogic.sv Line: 16
Info (12128): Elaborating entity "condcheck" for hierarchy "arm:arm|controller:c|condlogic:cl|condcheck:conditioncheck" File: C:/Users/maxga/OneDrive/Documentos/TDD_Labs2/ylopez_mgarro_digital_design_lab_2023/condlogic.sv Line: 20
Info (12128): Elaborating entity "datapath" for hierarchy "arm:arm|datapath:dp" File: C:/Users/maxga/OneDrive/Documentos/TDD_Labs2/ylopez_mgarro_digital_design_lab_2023/arm.sv Line: 22
Info (12128): Elaborating entity "mux2entradas" for hierarchy "arm:arm|datapath:dp|mux2entradas:pcmux" File: C:/Users/maxga/OneDrive/Documentos/TDD_Labs2/ylopez_mgarro_digital_design_lab_2023/datapath.sv Line: 20
Info (12128): Elaborating entity "flopr" for hierarchy "arm:arm|datapath:dp|flopr:pcreg" File: C:/Users/maxga/OneDrive/Documentos/TDD_Labs2/ylopez_mgarro_digital_design_lab_2023/datapath.sv Line: 21
Info (12128): Elaborating entity "adder_ALU" for hierarchy "arm:arm|datapath:dp|adder_ALU:pcadd1" File: C:/Users/maxga/OneDrive/Documentos/TDD_Labs2/ylopez_mgarro_digital_design_lab_2023/datapath.sv Line: 22
Info (12128): Elaborating entity "mux2entradas" for hierarchy "arm:arm|datapath:dp|mux2entradas:ra1mux" File: C:/Users/maxga/OneDrive/Documentos/TDD_Labs2/ylopez_mgarro_digital_design_lab_2023/datapath.sv Line: 26
Info (12128): Elaborating entity "register_file" for hierarchy "arm:arm|datapath:dp|register_file:rf" File: C:/Users/maxga/OneDrive/Documentos/TDD_Labs2/ylopez_mgarro_digital_design_lab_2023/datapath.sv Line: 30
Info (12128): Elaborating entity "extend_module" for hierarchy "arm:arm|datapath:dp|extend_module:ext" File: C:/Users/maxga/OneDrive/Documentos/TDD_Labs2/ylopez_mgarro_digital_design_lab_2023/datapath.sv Line: 32
Info (12128): Elaborating entity "ALU" for hierarchy "arm:arm|datapath:dp|ALU:alu" File: C:/Users/maxga/OneDrive/Documentos/TDD_Labs2/ylopez_mgarro_digital_design_lab_2023/datapath.sv Line: 36
Info (12128): Elaborating entity "AluAritmetic" for hierarchy "arm:arm|datapath:dp|ALU:alu|AluAritmetic:arithmetics" File: C:/Users/maxga/OneDrive/Documentos/TDD_Labs2/ylopez_mgarro_digital_design_lab_2023/ALU.sv Line: 22
Info (12128): Elaborating entity "imem" for hierarchy "imem:imem" File: C:/Users/maxga/OneDrive/Documentos/TDD_Labs2/ylopez_mgarro_digital_design_lab_2023/main.sv Line: 18
Warning (10850): Verilog HDL warning at imem.sv(7): number of words (23) in memory file does not match the number of elements in the address range [0:63] File: C:/Users/maxga/OneDrive/Documentos/TDD_Labs2/ylopez_mgarro_digital_design_lab_2023/imem.sv Line: 7
Warning (10030): Net "INST_RAM.data_a" at imem.sv(5) has no driver or initial value, using a default initial value '0' File: C:/Users/maxga/OneDrive/Documentos/TDD_Labs2/ylopez_mgarro_digital_design_lab_2023/imem.sv Line: 5
Warning (10030): Net "INST_RAM.waddr_a" at imem.sv(5) has no driver or initial value, using a default initial value '0' File: C:/Users/maxga/OneDrive/Documentos/TDD_Labs2/ylopez_mgarro_digital_design_lab_2023/imem.sv Line: 5
Warning (10030): Net "INST_RAM.we_a" at imem.sv(5) has no driver or initial value, using a default initial value '0' File: C:/Users/maxga/OneDrive/Documentos/TDD_Labs2/ylopez_mgarro_digital_design_lab_2023/imem.sv Line: 5
Info (12128): Elaborating entity "dmem" for hierarchy "dmem:dmem" File: C:/Users/maxga/OneDrive/Documentos/TDD_Labs2/ylopez_mgarro_digital_design_lab_2023/main.sv Line: 21
Warning (12011): Net is missing source, defaulting to GND
    Warning (12110): Net "arm:arm|ALUControl[2]" is missing source, defaulting to GND File: C:/Users/maxga/OneDrive/Documentos/TDD_Labs2/ylopez_mgarro_digital_design_lab_2023/arm.sv Line: 14
Warning (12241): 2 hierarchies have connectivity warnings - see the Connectivity Checks report folder
Info (144001): Generated suppressed messages file C:/Users/maxga/OneDrive/Documentos/TDD_Labs2/ylopez_mgarro_digital_design_lab_2023/output_files/ProyectoTDD.map.smsg
Info: Quartus Prime Analysis & Elaboration was successful. 0 errors, 9 warnings
    Info: Peak virtual memory: 4770 megabytes
    Info: Processing ended: Sat Nov 18 01:15:45 2023
    Info: Elapsed time: 00:00:15
    Info: Total CPU time (on all processors): 00:00:34


+--------------------------------------------+
; Analysis & Elaboration Suppressed Messages ;
+--------------------------------------------+
The suppressed messages can be found in C:/Users/maxga/OneDrive/Documentos/TDD_Labs2/ylopez_mgarro_digital_design_lab_2023/output_files/ProyectoTDD.map.smsg.


